<?xml version="1.0" encoding="UTF-8"?>
<!-- Generated by org.testng.reporters.JUnitReportReporter -->
<testsuite hostname="mindc1d430" failures="0" tests="1" name="com.mindtree.TestCases.TC_HomePage" time="0.022" errors="0" timestamp="2022-06-05T03:15:16 GMT-07:00" skipped="0">
  <testcase classname="com.mindtree.TestCases.TC_HomePage" name="homePage" time="0.022"/>
  <system-out/>
</testsuite> <!-- com.mindtree.TestCases.TC_HomePage -->
